[debug] [2022-05-16T21:35:11.866Z] ----------------------------------------------------------------------
[debug] [2022-05-16T21:35:11.867Z] Command:       C:\Program Files\nodejs\node.exe C:\Users\User\AppData\Roaming\npm\node_modules\firebase-tools\lib\bin\firebase.js deploy
[debug] [2022-05-16T21:35:11.867Z] CLI Version:   10.9.2
[debug] [2022-05-16T21:35:11.868Z] Platform:      win32
[debug] [2022-05-16T21:35:11.868Z] Node Version:  v16.15.0
[debug] [2022-05-16T21:35:11.868Z] Time:          Tue May 17 2022 03:35:11 GMT+0600 (Bangladesh Standard Time)
[debug] [2022-05-16T21:35:11.868Z] ----------------------------------------------------------------------
[debug] 
[debug] [2022-05-16T21:35:11.919Z] > command requires scopes: ["email","openid","https://www.googleapis.com/auth/cloudplatformprojects.readonly","https://www.googleapis.com/auth/firebase","https://www.googleapis.com/auth/cloud-platform"]
[debug] [2022-05-16T21:35:11.919Z] > authorizing via signed-in user (aarifurrahman93@gmail.com)
[debug] [2022-05-16T21:35:11.919Z] [iam] checking project doctors-portal-40e2a for permissions ["firebase.projects.get","firebasehosting.sites.update"]
[debug] [2022-05-16T21:35:11.921Z] >>> [apiv2][query] POST https://cloudresourcemanager.googleapis.com/v1/projects/doctors-portal-40e2a:testIamPermissions [none]
[debug] [2022-05-16T21:35:11.921Z] >>> [apiv2][body] POST https://cloudresourcemanager.googleapis.com/v1/projects/doctors-portal-40e2a:testIamPermissions {"permissions":["firebase.projects.get","firebasehosting.sites.update"]}
[debug] [2022-05-16T21:35:15.087Z] <<< [apiv2][status] POST https://cloudresourcemanager.googleapis.com/v1/projects/doctors-portal-40e2a:testIamPermissions 200
[debug] [2022-05-16T21:35:15.087Z] <<< [apiv2][body] POST https://cloudresourcemanager.googleapis.com/v1/projects/doctors-portal-40e2a:testIamPermissions {"permissions":["firebase.projects.get","firebasehosting.sites.update"]}
[debug] [2022-05-16T21:35:15.088Z] >>> [apiv2][query] GET https://firebase.googleapis.com/v1beta1/projects/doctors-portal-40e2a [none]
[debug] [2022-05-16T21:35:19.504Z] <<< [apiv2][status] GET https://firebase.googleapis.com/v1beta1/projects/doctors-portal-40e2a 200
[debug] [2022-05-16T21:35:19.505Z] <<< [apiv2][body] GET https://firebase.googleapis.com/v1beta1/projects/doctors-portal-40e2a {"projectId":"doctors-portal-40e2a","projectNumber":"564027702853","displayName":"doctors-portal","name":"projects/doctors-portal-40e2a","resources":{"hostingSite":"doctors-portal-40e2a"},"state":"ACTIVE"}
[info] 
[info] === Deploying to 'doctors-portal-40e2a'...
[info] 
[info] i  deploying hosting 
[debug] [2022-05-16T21:35:19.507Z] >>> [apiv2][query] GET https://firebase.googleapis.com/v1beta1/projects/doctors-portal-40e2a [none]
[debug] [2022-05-16T21:35:21.277Z] <<< [apiv2][status] GET https://firebase.googleapis.com/v1beta1/projects/doctors-portal-40e2a 200
[debug] [2022-05-16T21:35:21.277Z] <<< [apiv2][body] GET https://firebase.googleapis.com/v1beta1/projects/doctors-portal-40e2a {"projectId":"doctors-portal-40e2a","projectNumber":"564027702853","displayName":"doctors-portal","name":"projects/doctors-portal-40e2a","resources":{"hostingSite":"doctors-portal-40e2a"},"state":"ACTIVE"}
[debug] [2022-05-16T21:35:21.279Z] >>> [apiv2][query] POST https://firebasehosting.googleapis.com/v1beta1/projects/564027702853/sites/doctors-portal-40e2a/versions [none]
[debug] [2022-05-16T21:35:21.279Z] >>> [apiv2][body] POST https://firebasehosting.googleapis.com/v1beta1/projects/564027702853/sites/doctors-portal-40e2a/versions {"config":{"rewrites":[{"glob":"**","path":"/index.html"}]},"labels":{"deployment-tool":"cli-firebase"}}
[debug] [2022-05-16T21:35:24.983Z] <<< [apiv2][status] POST https://firebasehosting.googleapis.com/v1beta1/projects/564027702853/sites/doctors-portal-40e2a/versions 200
[debug] [2022-05-16T21:35:24.983Z] <<< [apiv2][body] POST https://firebasehosting.googleapis.com/v1beta1/projects/564027702853/sites/doctors-portal-40e2a/versions {"name":"projects/564027702853/sites/doctors-portal-40e2a/versions/bc3859424bece013","status":"CREATED","config":{"rewrites":[{"glob":"**","path":"/index.html"}]},"labels":{"deployment-tool":"cli-firebase"}}
[info] i  hosting[doctors-portal-40e2a]: beginning deploy... 
[info] i  hosting[doctors-portal-40e2a]: found 25 files in build 
[debug] [2022-05-16T21:35:24.993Z] [hosting] uploading with 200 concurrency
[debug] [2022-05-16T21:35:24.994Z] [hosting] hash cache [YnVpbGQ] not populated
[debug] [2022-05-16T21:35:25.173Z] [hosting] hash cache [YnVpbGQ] stored for 25 files
[debug] [2022-05-16T21:35:25.173Z] [hosting][hash queue][FINAL] {"max":173,"min":9,"avg":22,"active":0,"complete":25,"success":25,"errored":0,"retried":0,"total":25,"elapsed":179}
[debug] [2022-05-16T21:35:25.174Z] >>> [apiv2][query] POST https://firebasehosting.googleapis.com/v1beta1/projects/564027702853/sites/doctors-portal-40e2a/versions/bc3859424bece013:populateFiles [none]
[debug] [2022-05-16T21:35:25.174Z] >>> [apiv2][body] POST https://firebasehosting.googleapis.com/v1beta1/projects/564027702853/sites/doctors-portal-40e2a/versions/bc3859424bece013:populateFiles {"files":{"/asset-manifest.json":"eb37148b42d62c3f5a7d06de5b7a98a861dc4a919c557856eed4ac2fb6be6d85","/index.html":"89307860e9b70dd2190168e870e2936f4635c45040f123b56671f29084cb6ee9","/manifest.json":"aff3449bdc238776f5d6d967f19ec491b36aed5fb7f23ccff6500736fd58494a","/robots.txt":"bfe106a3fb878dc83461c86818bf74fc1bdc7f28538ba613cd3e775516ce8b49","/favicon.ico":"eae62e993eb980ec8a25058c39d5a51feab118bd2100c4deebb2a9c158ec11f9","/logo512.png":"ee7e2f3fdb8209c4b6fd7bef6ba50d1b9dba30a25bb5c3126df057e1cb6f5331","/static/js/787.e792ca90.chunk.js":"d32fdccf15f434036ec4ac3ccee5917d302d32a92946a87e2f2981aa5218ab83","/logo192.png":"3ee59515172ee198f3be375979df15ac5345183e656720a381b8872b2a39dc8b","/static/js/main.4f055cde.js.LICENSE.txt":"78553a9b8615649f087806b08b520f6bc1b53811c5b0a33d94c67474db9bf639","/static/js/787.e792ca90.chunk.js.map":"d576567a06c6415901f9b5bb0141c43d215196a1394727ea879e90c2f00761e4","/service.json":"320ee1895b36934ba22d03330809021cd87219cbde13197f2072179568af06fd","/static/media/clock.623246e126ee58a8d90f2460c08c0f6b.svg":"ef377e3669e8685adaa6e2ab509551b3f81f508dc16688315ab6b6c78f75631e","/static/media/marker.0bdab1635363afd723adbfe035c3358e.svg":"26dc49a46760bb6131e2c8ecb63058a6d18897b041f96300ad6676fca7ed2259","/static/media/phone.0b1c25f70938a97d59d5c7c1796f0b61.svg":"3721a668c78166ccd3b59a4b5de5715993b1d93cf60f92ec0c2ac6fba0cee200","/static/media/quote.87e2bfcfdd22cf5584bc95a97e0a8433.svg":"ba8723cec75cb9c7631448472123104abefcc384a3e34895857631d2ce12bbe8","/static/css/main.ab5961df.css":"940b996e3699c9cc6a64a10f0eb8bea1697401f68b961ee0a344d5e8c3135304","/static/css/main.ab5961df.css.map":"8f6ce64424ea2bc7fa535167ada8137d75a95c72acbd99c9089ec00b04728a85","/static/media/doctor.0a279a5b65e8258865bf.png":"698eeae22f6b6b64b592b5dc2bcbdd0862d167718a3282cb2bdcc552d3eea758","/static/media/chair.3ca333d1fa050f6e6eb4.png":"b612eade861cff5c89df42505ca28ff4a698e1439a7703e8d4fefd69e3fdf672","/static/media/treatment.4663af1929c734cd3854.png":"a58b36458ee046e34b82a6dbe35816a2f7f744ff8654e9ef3b26b715cecd7347","/static/media/bg.33b42bf92e2d9dd33b67.png":"3f049762b651db5bf54da4c48abe86092382bf2d7b61a6c600fe9c1913f99d6e","/static/media/footer.44c30585194ef96c686f.png":"988eaf7855170a86758d4b3b4eae40c9943df7277c8a1bd1d3b7b7473ab794ae","/static/js/main.4f055cde.js":"4fba14e0ab5d4702162721032c65dde1bdccc8188382385c7c084393d076e2ab","/static/media/appointment.d0d01a86a1465e3f2562.png":"4d0454ebc1973291989ffd1d603324713d20fdf3a8785d50af9a5e4b6e1bbe4f","/static/js/main.4f055cde.js.map":"931e37ac84f20434917c4dbd4fe1c36b37fd2660b656d535aa0ce9bfae633a8a"}}
[debug] [2022-05-16T21:35:27.332Z] <<< [apiv2][status] POST https://firebasehosting.googleapis.com/v1beta1/projects/564027702853/sites/doctors-portal-40e2a/versions/bc3859424bece013:populateFiles 200
[debug] [2022-05-16T21:35:27.332Z] <<< [apiv2][body] POST https://firebasehosting.googleapis.com/v1beta1/projects/564027702853/sites/doctors-portal-40e2a/versions/bc3859424bece013:populateFiles {"uploadRequiredHashes":["3ee59515172ee198f3be375979df15ac5345183e656720a381b8872b2a39dc8b","698eeae22f6b6b64b592b5dc2bcbdd0862d167718a3282cb2bdcc552d3eea758","ba8723cec75cb9c7631448472123104abefcc384a3e34895857631d2ce12bbe8","320ee1895b36934ba22d03330809021cd87219cbde13197f2072179568af06fd","eb37148b42d62c3f5a7d06de5b7a98a861dc4a919c557856eed4ac2fb6be6d85","4d0454ebc1973291989ffd1d603324713d20fdf3a8785d50af9a5e4b6e1bbe4f","3f049762b651db5bf54da4c48abe86092382bf2d7b61a6c600fe9c1913f99d6e","931e37ac84f20434917c4dbd4fe1c36b37fd2660b656d535aa0ce9bfae633a8a","26dc49a46760bb6131e2c8ecb63058a6d18897b041f96300ad6676fca7ed2259","ee7e2f3fdb8209c4b6fd7bef6ba50d1b9dba30a25bb5c3126df057e1cb6f5331","d576567a06c6415901f9b5bb0141c43d215196a1394727ea879e90c2f00761e4","78553a9b8615649f087806b08b520f6bc1b53811c5b0a33d94c67474db9bf639","89307860e9b70dd2190168e870e2936f4635c45040f123b56671f29084cb6ee9","ef377e3669e8685adaa6e2ab509551b3f81f508dc16688315ab6b6c78f75631e","988eaf7855170a86758d4b3b4eae40c9943df7277c8a1bd1d3b7b7473ab794ae","8f6ce64424ea2bc7fa535167ada8137d75a95c72acbd99c9089ec00b04728a85","b612eade861cff5c89df42505ca28ff4a698e1439a7703e8d4fefd69e3fdf672","aff3449bdc238776f5d6d967f19ec491b36aed5fb7f23ccff6500736fd58494a","4fba14e0ab5d4702162721032c65dde1bdccc8188382385c7c084393d076e2ab","eae62e993eb980ec8a25058c39d5a51feab118bd2100c4deebb2a9c158ec11f9","3721a668c78166ccd3b59a4b5de5715993b1d93cf60f92ec0c2ac6fba0cee200","a58b36458ee046e34b82a6dbe35816a2f7f744ff8654e9ef3b26b715cecd7347","940b996e3699c9cc6a64a10f0eb8bea1697401f68b961ee0a344d5e8c3135304","d32fdccf15f434036ec4ac3ccee5917d302d32a92946a87e2f2981aa5218ab83","bfe106a3fb878dc83461c86818bf74fc1bdc7f28538ba613cd3e775516ce8b49"],"uploadUrl":"https://upload-firebasehosting.googleapis.com/upload/sites/doctors-portal-40e2a/versions/bc3859424bece013/files"}
[debug] [2022-05-16T21:35:27.335Z] >>> [apiv2][query] POST https://upload-firebasehosting.googleapis.com/upload/sites/doctors-portal-40e2a/versions/bc3859424bece013/files/3ee59515172ee198f3be375979df15ac5345183e656720a381b8872b2a39dc8b [none]
[debug] [2022-05-16T21:35:27.335Z] >>> [apiv2][body] POST https://upload-firebasehosting.googleapis.com/upload/sites/doctors-portal-40e2a/versions/bc3859424bece013/files/3ee59515172ee198f3be375979df15ac5345183e656720a381b8872b2a39dc8b [stream]
[debug] [2022-05-16T21:35:27.336Z] >>> [apiv2][query] POST https://upload-firebasehosting.googleapis.com/upload/sites/doctors-portal-40e2a/versions/bc3859424bece013/files/698eeae22f6b6b64b592b5dc2bcbdd0862d167718a3282cb2bdcc552d3eea758 [none]
[debug] [2022-05-16T21:35:27.336Z] >>> [apiv2][body] POST https://upload-firebasehosting.googleapis.com/upload/sites/doctors-portal-40e2a/versions/bc3859424bece013/files/698eeae22f6b6b64b592b5dc2bcbdd0862d167718a3282cb2bdcc552d3eea758 [stream]
[debug] [2022-05-16T21:35:27.337Z] >>> [apiv2][query] POST https://upload-firebasehosting.googleapis.com/upload/sites/doctors-portal-40e2a/versions/bc3859424bece013/files/ba8723cec75cb9c7631448472123104abefcc384a3e34895857631d2ce12bbe8 [none]
[debug] [2022-05-16T21:35:27.337Z] >>> [apiv2][body] POST https://upload-firebasehosting.googleapis.com/upload/sites/doctors-portal-40e2a/versions/bc3859424bece013/files/ba8723cec75cb9c7631448472123104abefcc384a3e34895857631d2ce12bbe8 [stream]
[debug] [2022-05-16T21:35:27.337Z] >>> [apiv2][query] POST https://upload-firebasehosting.googleapis.com/upload/sites/doctors-portal-40e2a/versions/bc3859424bece013/files/320ee1895b36934ba22d03330809021cd87219cbde13197f2072179568af06fd [none]
[debug] [2022-05-16T21:35:27.337Z] >>> [apiv2][body] POST https://upload-firebasehosting.googleapis.com/upload/sites/doctors-portal-40e2a/versions/bc3859424bece013/files/320ee1895b36934ba22d03330809021cd87219cbde13197f2072179568af06fd [stream]
[debug] [2022-05-16T21:35:27.338Z] >>> [apiv2][query] POST https://upload-firebasehosting.googleapis.com/upload/sites/doctors-portal-40e2a/versions/bc3859424bece013/files/eb37148b42d62c3f5a7d06de5b7a98a861dc4a919c557856eed4ac2fb6be6d85 [none]
[debug] [2022-05-16T21:35:27.338Z] >>> [apiv2][body] POST https://upload-firebasehosting.googleapis.com/upload/sites/doctors-portal-40e2a/versions/bc3859424bece013/files/eb37148b42d62c3f5a7d06de5b7a98a861dc4a919c557856eed4ac2fb6be6d85 [stream]
[debug] [2022-05-16T21:35:27.339Z] >>> [apiv2][query] POST https://upload-firebasehosting.googleapis.com/upload/sites/doctors-portal-40e2a/versions/bc3859424bece013/files/4d0454ebc1973291989ffd1d603324713d20fdf3a8785d50af9a5e4b6e1bbe4f [none]
[debug] [2022-05-16T21:35:27.339Z] >>> [apiv2][body] POST https://upload-firebasehosting.googleapis.com/upload/sites/doctors-portal-40e2a/versions/bc3859424bece013/files/4d0454ebc1973291989ffd1d603324713d20fdf3a8785d50af9a5e4b6e1bbe4f [stream]
[debug] [2022-05-16T21:35:27.340Z] >>> [apiv2][query] POST https://upload-firebasehosting.googleapis.com/upload/sites/doctors-portal-40e2a/versions/bc3859424bece013/files/3f049762b651db5bf54da4c48abe86092382bf2d7b61a6c600fe9c1913f99d6e [none]
[debug] [2022-05-16T21:35:27.340Z] >>> [apiv2][body] POST https://upload-firebasehosting.googleapis.com/upload/sites/doctors-portal-40e2a/versions/bc3859424bece013/files/3f049762b651db5bf54da4c48abe86092382bf2d7b61a6c600fe9c1913f99d6e [stream]
[debug] [2022-05-16T21:35:27.340Z] >>> [apiv2][query] POST https://upload-firebasehosting.googleapis.com/upload/sites/doctors-portal-40e2a/versions/bc3859424bece013/files/931e37ac84f20434917c4dbd4fe1c36b37fd2660b656d535aa0ce9bfae633a8a [none]
[debug] [2022-05-16T21:35:27.340Z] >>> [apiv2][body] POST https://upload-firebasehosting.googleapis.com/upload/sites/doctors-portal-40e2a/versions/bc3859424bece013/files/931e37ac84f20434917c4dbd4fe1c36b37fd2660b656d535aa0ce9bfae633a8a [stream]
[debug] [2022-05-16T21:35:27.341Z] >>> [apiv2][query] POST https://upload-firebasehosting.googleapis.com/upload/sites/doctors-portal-40e2a/versions/bc3859424bece013/files/26dc49a46760bb6131e2c8ecb63058a6d18897b041f96300ad6676fca7ed2259 [none]
[debug] [2022-05-16T21:35:27.341Z] >>> [apiv2][body] POST https://upload-firebasehosting.googleapis.com/upload/sites/doctors-portal-40e2a/versions/bc3859424bece013/files/26dc49a46760bb6131e2c8ecb63058a6d18897b041f96300ad6676fca7ed2259 [stream]
[debug] [2022-05-16T21:35:27.341Z] >>> [apiv2][query] POST https://upload-firebasehosting.googleapis.com/upload/sites/doctors-portal-40e2a/versions/bc3859424bece013/files/ee7e2f3fdb8209c4b6fd7bef6ba50d1b9dba30a25bb5c3126df057e1cb6f5331 [none]
[debug] [2022-05-16T21:35:27.342Z] >>> [apiv2][body] POST https://upload-firebasehosting.googleapis.com/upload/sites/doctors-portal-40e2a/versions/bc3859424bece013/files/ee7e2f3fdb8209c4b6fd7bef6ba50d1b9dba30a25bb5c3126df057e1cb6f5331 [stream]
[debug] [2022-05-16T21:35:27.342Z] >>> [apiv2][query] POST https://upload-firebasehosting.googleapis.com/upload/sites/doctors-portal-40e2a/versions/bc3859424bece013/files/d576567a06c6415901f9b5bb0141c43d215196a1394727ea879e90c2f00761e4 [none]
[debug] [2022-05-16T21:35:27.342Z] >>> [apiv2][body] POST https://upload-firebasehosting.googleapis.com/upload/sites/doctors-portal-40e2a/versions/bc3859424bece013/files/d576567a06c6415901f9b5bb0141c43d215196a1394727ea879e90c2f00761e4 [stream]
[debug] [2022-05-16T21:35:27.343Z] >>> [apiv2][query] POST https://upload-firebasehosting.googleapis.com/upload/sites/doctors-portal-40e2a/versions/bc3859424bece013/files/78553a9b8615649f087806b08b520f6bc1b53811c5b0a33d94c67474db9bf639 [none]
[debug] [2022-05-16T21:35:27.344Z] >>> [apiv2][body] POST https://upload-firebasehosting.googleapis.com/upload/sites/doctors-portal-40e2a/versions/bc3859424bece013/files/78553a9b8615649f087806b08b520f6bc1b53811c5b0a33d94c67474db9bf639 [stream]
[debug] [2022-05-16T21:35:27.344Z] >>> [apiv2][query] POST https://upload-firebasehosting.googleapis.com/upload/sites/doctors-portal-40e2a/versions/bc3859424bece013/files/89307860e9b70dd2190168e870e2936f4635c45040f123b56671f29084cb6ee9 [none]
[debug] [2022-05-16T21:35:27.344Z] >>> [apiv2][body] POST https://upload-firebasehosting.googleapis.com/upload/sites/doctors-portal-40e2a/versions/bc3859424bece013/files/89307860e9b70dd2190168e870e2936f4635c45040f123b56671f29084cb6ee9 [stream]
[debug] [2022-05-16T21:35:27.345Z] >>> [apiv2][query] POST https://upload-firebasehosting.googleapis.com/upload/sites/doctors-portal-40e2a/versions/bc3859424bece013/files/ef377e3669e8685adaa6e2ab509551b3f81f508dc16688315ab6b6c78f75631e [none]
[debug] [2022-05-16T21:35:27.345Z] >>> [apiv2][body] POST https://upload-firebasehosting.googleapis.com/upload/sites/doctors-portal-40e2a/versions/bc3859424bece013/files/ef377e3669e8685adaa6e2ab509551b3f81f508dc16688315ab6b6c78f75631e [stream]
[debug] [2022-05-16T21:35:27.347Z] >>> [apiv2][query] POST https://upload-firebasehosting.googleapis.com/upload/sites/doctors-portal-40e2a/versions/bc3859424bece013/files/988eaf7855170a86758d4b3b4eae40c9943df7277c8a1bd1d3b7b7473ab794ae [none]
[debug] [2022-05-16T21:35:27.347Z] >>> [apiv2][body] POST https://upload-firebasehosting.googleapis.com/upload/sites/doctors-portal-40e2a/versions/bc3859424bece013/files/988eaf7855170a86758d4b3b4eae40c9943df7277c8a1bd1d3b7b7473ab794ae [stream]
[debug] [2022-05-16T21:35:27.348Z] >>> [apiv2][query] POST https://upload-firebasehosting.googleapis.com/upload/sites/doctors-portal-40e2a/versions/bc3859424bece013/files/8f6ce64424ea2bc7fa535167ada8137d75a95c72acbd99c9089ec00b04728a85 [none]
[debug] [2022-05-16T21:35:27.348Z] >>> [apiv2][body] POST https://upload-firebasehosting.googleapis.com/upload/sites/doctors-portal-40e2a/versions/bc3859424bece013/files/8f6ce64424ea2bc7fa535167ada8137d75a95c72acbd99c9089ec00b04728a85 [stream]
[debug] [2022-05-16T21:35:27.348Z] >>> [apiv2][query] POST https://upload-firebasehosting.googleapis.com/upload/sites/doctors-portal-40e2a/versions/bc3859424bece013/files/b612eade861cff5c89df42505ca28ff4a698e1439a7703e8d4fefd69e3fdf672 [none]
[debug] [2022-05-16T21:35:27.348Z] >>> [apiv2][body] POST https://upload-firebasehosting.googleapis.com/upload/sites/doctors-portal-40e2a/versions/bc3859424bece013/files/b612eade861cff5c89df42505ca28ff4a698e1439a7703e8d4fefd69e3fdf672 [stream]
[debug] [2022-05-16T21:35:27.349Z] >>> [apiv2][query] POST https://upload-firebasehosting.googleapis.com/upload/sites/doctors-portal-40e2a/versions/bc3859424bece013/files/aff3449bdc238776f5d6d967f19ec491b36aed5fb7f23ccff6500736fd58494a [none]
[debug] [2022-05-16T21:35:27.349Z] >>> [apiv2][body] POST https://upload-firebasehosting.googleapis.com/upload/sites/doctors-portal-40e2a/versions/bc3859424bece013/files/aff3449bdc238776f5d6d967f19ec491b36aed5fb7f23ccff6500736fd58494a [stream]
[debug] [2022-05-16T21:35:27.349Z] >>> [apiv2][query] POST https://upload-firebasehosting.googleapis.com/upload/sites/doctors-portal-40e2a/versions/bc3859424bece013/files/4fba14e0ab5d4702162721032c65dde1bdccc8188382385c7c084393d076e2ab [none]
[debug] [2022-05-16T21:35:27.349Z] >>> [apiv2][body] POST https://upload-firebasehosting.googleapis.com/upload/sites/doctors-portal-40e2a/versions/bc3859424bece013/files/4fba14e0ab5d4702162721032c65dde1bdccc8188382385c7c084393d076e2ab [stream]
[debug] [2022-05-16T21:35:27.350Z] >>> [apiv2][query] POST https://upload-firebasehosting.googleapis.com/upload/sites/doctors-portal-40e2a/versions/bc3859424bece013/files/eae62e993eb980ec8a25058c39d5a51feab118bd2100c4deebb2a9c158ec11f9 [none]
[debug] [2022-05-16T21:35:27.350Z] >>> [apiv2][body] POST https://upload-firebasehosting.googleapis.com/upload/sites/doctors-portal-40e2a/versions/bc3859424bece013/files/eae62e993eb980ec8a25058c39d5a51feab118bd2100c4deebb2a9c158ec11f9 [stream]
[debug] [2022-05-16T21:35:27.350Z] >>> [apiv2][query] POST https://upload-firebasehosting.googleapis.com/upload/sites/doctors-portal-40e2a/versions/bc3859424bece013/files/3721a668c78166ccd3b59a4b5de5715993b1d93cf60f92ec0c2ac6fba0cee200 [none]
[debug] [2022-05-16T21:35:27.350Z] >>> [apiv2][body] POST https://upload-firebasehosting.googleapis.com/upload/sites/doctors-portal-40e2a/versions/bc3859424bece013/files/3721a668c78166ccd3b59a4b5de5715993b1d93cf60f92ec0c2ac6fba0cee200 [stream]
[debug] [2022-05-16T21:35:27.351Z] >>> [apiv2][query] POST https://upload-firebasehosting.googleapis.com/upload/sites/doctors-portal-40e2a/versions/bc3859424bece013/files/a58b36458ee046e34b82a6dbe35816a2f7f744ff8654e9ef3b26b715cecd7347 [none]
[debug] [2022-05-16T21:35:27.351Z] >>> [apiv2][body] POST https://upload-firebasehosting.googleapis.com/upload/sites/doctors-portal-40e2a/versions/bc3859424bece013/files/a58b36458ee046e34b82a6dbe35816a2f7f744ff8654e9ef3b26b715cecd7347 [stream]
[debug] [2022-05-16T21:35:27.352Z] >>> [apiv2][query] POST https://upload-firebasehosting.googleapis.com/upload/sites/doctors-portal-40e2a/versions/bc3859424bece013/files/940b996e3699c9cc6a64a10f0eb8bea1697401f68b961ee0a344d5e8c3135304 [none]
[debug] [2022-05-16T21:35:27.352Z] >>> [apiv2][body] POST https://upload-firebasehosting.googleapis.com/upload/sites/doctors-portal-40e2a/versions/bc3859424bece013/files/940b996e3699c9cc6a64a10f0eb8bea1697401f68b961ee0a344d5e8c3135304 [stream]
[debug] [2022-05-16T21:35:27.352Z] >>> [apiv2][query] POST https://upload-firebasehosting.googleapis.com/upload/sites/doctors-portal-40e2a/versions/bc3859424bece013/files/d32fdccf15f434036ec4ac3ccee5917d302d32a92946a87e2f2981aa5218ab83 [none]
[debug] [2022-05-16T21:35:27.352Z] >>> [apiv2][body] POST https://upload-firebasehosting.googleapis.com/upload/sites/doctors-portal-40e2a/versions/bc3859424bece013/files/d32fdccf15f434036ec4ac3ccee5917d302d32a92946a87e2f2981aa5218ab83 [stream]
[debug] [2022-05-16T21:35:27.353Z] >>> [apiv2][query] POST https://upload-firebasehosting.googleapis.com/upload/sites/doctors-portal-40e2a/versions/bc3859424bece013/files/bfe106a3fb878dc83461c86818bf74fc1bdc7f28538ba613cd3e775516ce8b49 [none]
[debug] [2022-05-16T21:35:27.353Z] >>> [apiv2][body] POST https://upload-firebasehosting.googleapis.com/upload/sites/doctors-portal-40e2a/versions/bc3859424bece013/files/bfe106a3fb878dc83461c86818bf74fc1bdc7f28538ba613cd3e775516ce8b49 [stream]
[debug] [2022-05-16T21:35:27.353Z] [hosting][populate queue][FINAL] {"max":2164,"min":2164,"avg":2164,"active":0,"complete":1,"success":1,"errored":0,"retried":0,"total":1,"elapsed":2182}
[debug] [2022-05-16T21:35:27.353Z] [hosting] uploads queued: 25
[debug] [2022-05-16T21:35:31.171Z] <<< [apiv2][status] POST https://upload-firebasehosting.googleapis.com/upload/sites/doctors-portal-40e2a/versions/bc3859424bece013/files/26dc49a46760bb6131e2c8ecb63058a6d18897b041f96300ad6676fca7ed2259 200
[debug] [2022-05-16T21:35:31.171Z] <<< [apiv2][body] POST https://upload-firebasehosting.googleapis.com/upload/sites/doctors-portal-40e2a/versions/bc3859424bece013/files/26dc49a46760bb6131e2c8ecb63058a6d18897b041f96300ad6676fca7ed2259 [stream]
[debug] [2022-05-16T21:35:31.389Z] <<< [apiv2][status] POST https://upload-firebasehosting.googleapis.com/upload/sites/doctors-portal-40e2a/versions/bc3859424bece013/files/3ee59515172ee198f3be375979df15ac5345183e656720a381b8872b2a39dc8b 200
[debug] [2022-05-16T21:35:31.390Z] <<< [apiv2][body] POST https://upload-firebasehosting.googleapis.com/upload/sites/doctors-portal-40e2a/versions/bc3859424bece013/files/3ee59515172ee198f3be375979df15ac5345183e656720a381b8872b2a39dc8b [stream]
[debug] [2022-05-16T21:35:31.612Z] <<< [apiv2][status] POST https://upload-firebasehosting.googleapis.com/upload/sites/doctors-portal-40e2a/versions/bc3859424bece013/files/aff3449bdc238776f5d6d967f19ec491b36aed5fb7f23ccff6500736fd58494a 200
[debug] [2022-05-16T21:35:31.612Z] <<< [apiv2][body] POST https://upload-firebasehosting.googleapis.com/upload/sites/doctors-portal-40e2a/versions/bc3859424bece013/files/aff3449bdc238776f5d6d967f19ec491b36aed5fb7f23ccff6500736fd58494a [stream]
[debug] [2022-05-16T21:35:31.636Z] <<< [apiv2][status] POST https://upload-firebasehosting.googleapis.com/upload/sites/doctors-portal-40e2a/versions/bc3859424bece013/files/bfe106a3fb878dc83461c86818bf74fc1bdc7f28538ba613cd3e775516ce8b49 200
[debug] [2022-05-16T21:35:31.636Z] <<< [apiv2][body] POST https://upload-firebasehosting.googleapis.com/upload/sites/doctors-portal-40e2a/versions/bc3859424bece013/files/bfe106a3fb878dc83461c86818bf74fc1bdc7f28538ba613cd3e775516ce8b49 [stream]
[debug] [2022-05-16T21:35:31.891Z] <<< [apiv2][status] POST https://upload-firebasehosting.googleapis.com/upload/sites/doctors-portal-40e2a/versions/bc3859424bece013/files/eae62e993eb980ec8a25058c39d5a51feab118bd2100c4deebb2a9c158ec11f9 200
[debug] [2022-05-16T21:35:31.892Z] <<< [apiv2][body] POST https://upload-firebasehosting.googleapis.com/upload/sites/doctors-portal-40e2a/versions/bc3859424bece013/files/eae62e993eb980ec8a25058c39d5a51feab118bd2100c4deebb2a9c158ec11f9 [stream]
[debug] [2022-05-16T21:35:31.911Z] <<< [apiv2][status] POST https://upload-firebasehosting.googleapis.com/upload/sites/doctors-portal-40e2a/versions/bc3859424bece013/files/78553a9b8615649f087806b08b520f6bc1b53811c5b0a33d94c67474db9bf639 200
[debug] [2022-05-16T21:35:31.912Z] <<< [apiv2][body] POST https://upload-firebasehosting.googleapis.com/upload/sites/doctors-portal-40e2a/versions/bc3859424bece013/files/78553a9b8615649f087806b08b520f6bc1b53811c5b0a33d94c67474db9bf639 [stream]
[debug] [2022-05-16T21:35:31.914Z] <<< [apiv2][status] POST https://upload-firebasehosting.googleapis.com/upload/sites/doctors-portal-40e2a/versions/bc3859424bece013/files/940b996e3699c9cc6a64a10f0eb8bea1697401f68b961ee0a344d5e8c3135304 200
[debug] [2022-05-16T21:35:31.914Z] <<< [apiv2][body] POST https://upload-firebasehosting.googleapis.com/upload/sites/doctors-portal-40e2a/versions/bc3859424bece013/files/940b996e3699c9cc6a64a10f0eb8bea1697401f68b961ee0a344d5e8c3135304 [stream]
[debug] [2022-05-16T21:35:32.034Z] <<< [apiv2][status] POST https://upload-firebasehosting.googleapis.com/upload/sites/doctors-portal-40e2a/versions/bc3859424bece013/files/8f6ce64424ea2bc7fa535167ada8137d75a95c72acbd99c9089ec00b04728a85 200
[debug] [2022-05-16T21:35:32.034Z] <<< [apiv2][body] POST https://upload-firebasehosting.googleapis.com/upload/sites/doctors-portal-40e2a/versions/bc3859424bece013/files/8f6ce64424ea2bc7fa535167ada8137d75a95c72acbd99c9089ec00b04728a85 [stream]
[debug] [2022-05-16T21:35:32.168Z] <<< [apiv2][status] POST https://upload-firebasehosting.googleapis.com/upload/sites/doctors-portal-40e2a/versions/bc3859424bece013/files/ef377e3669e8685adaa6e2ab509551b3f81f508dc16688315ab6b6c78f75631e 200
[debug] [2022-05-16T21:35:32.168Z] <<< [apiv2][body] POST https://upload-firebasehosting.googleapis.com/upload/sites/doctors-portal-40e2a/versions/bc3859424bece013/files/ef377e3669e8685adaa6e2ab509551b3f81f508dc16688315ab6b6c78f75631e [stream]
[debug] [2022-05-16T21:35:32.171Z] <<< [apiv2][status] POST https://upload-firebasehosting.googleapis.com/upload/sites/doctors-portal-40e2a/versions/bc3859424bece013/files/ba8723cec75cb9c7631448472123104abefcc384a3e34895857631d2ce12bbe8 200
[debug] [2022-05-16T21:35:32.171Z] <<< [apiv2][body] POST https://upload-firebasehosting.googleapis.com/upload/sites/doctors-portal-40e2a/versions/bc3859424bece013/files/ba8723cec75cb9c7631448472123104abefcc384a3e34895857631d2ce12bbe8 [stream]
[debug] [2022-05-16T21:35:32.231Z] <<< [apiv2][status] POST https://upload-firebasehosting.googleapis.com/upload/sites/doctors-portal-40e2a/versions/bc3859424bece013/files/ee7e2f3fdb8209c4b6fd7bef6ba50d1b9dba30a25bb5c3126df057e1cb6f5331 200
[debug] [2022-05-16T21:35:32.231Z] <<< [apiv2][body] POST https://upload-firebasehosting.googleapis.com/upload/sites/doctors-portal-40e2a/versions/bc3859424bece013/files/ee7e2f3fdb8209c4b6fd7bef6ba50d1b9dba30a25bb5c3126df057e1cb6f5331 [stream]
[debug] [2022-05-16T21:35:32.414Z] <<< [apiv2][status] POST https://upload-firebasehosting.googleapis.com/upload/sites/doctors-portal-40e2a/versions/bc3859424bece013/files/d576567a06c6415901f9b5bb0141c43d215196a1394727ea879e90c2f00761e4 200
[debug] [2022-05-16T21:35:32.414Z] <<< [apiv2][body] POST https://upload-firebasehosting.googleapis.com/upload/sites/doctors-portal-40e2a/versions/bc3859424bece013/files/d576567a06c6415901f9b5bb0141c43d215196a1394727ea879e90c2f00761e4 [stream]
[debug] [2022-05-16T21:35:32.709Z] <<< [apiv2][status] POST https://upload-firebasehosting.googleapis.com/upload/sites/doctors-portal-40e2a/versions/bc3859424bece013/files/d32fdccf15f434036ec4ac3ccee5917d302d32a92946a87e2f2981aa5218ab83 200
[debug] [2022-05-16T21:35:32.709Z] <<< [apiv2][body] POST https://upload-firebasehosting.googleapis.com/upload/sites/doctors-portal-40e2a/versions/bc3859424bece013/files/d32fdccf15f434036ec4ac3ccee5917d302d32a92946a87e2f2981aa5218ab83 [stream]
[debug] [2022-05-16T21:35:32.858Z] <<< [apiv2][status] POST https://upload-firebasehosting.googleapis.com/upload/sites/doctors-portal-40e2a/versions/bc3859424bece013/files/89307860e9b70dd2190168e870e2936f4635c45040f123b56671f29084cb6ee9 200
[debug] [2022-05-16T21:35:32.858Z] <<< [apiv2][body] POST https://upload-firebasehosting.googleapis.com/upload/sites/doctors-portal-40e2a/versions/bc3859424bece013/files/89307860e9b70dd2190168e870e2936f4635c45040f123b56671f29084cb6ee9 [stream]
[debug] [2022-05-16T21:35:33.567Z] <<< [apiv2][status] POST https://upload-firebasehosting.googleapis.com/upload/sites/doctors-portal-40e2a/versions/bc3859424bece013/files/eb37148b42d62c3f5a7d06de5b7a98a861dc4a919c557856eed4ac2fb6be6d85 200
[debug] [2022-05-16T21:35:33.567Z] <<< [apiv2][body] POST https://upload-firebasehosting.googleapis.com/upload/sites/doctors-portal-40e2a/versions/bc3859424bece013/files/eb37148b42d62c3f5a7d06de5b7a98a861dc4a919c557856eed4ac2fb6be6d85 [stream]
[debug] [2022-05-16T21:35:33.630Z] <<< [apiv2][status] POST https://upload-firebasehosting.googleapis.com/upload/sites/doctors-portal-40e2a/versions/bc3859424bece013/files/698eeae22f6b6b64b592b5dc2bcbdd0862d167718a3282cb2bdcc552d3eea758 200
[debug] [2022-05-16T21:35:33.630Z] <<< [apiv2][body] POST https://upload-firebasehosting.googleapis.com/upload/sites/doctors-portal-40e2a/versions/bc3859424bece013/files/698eeae22f6b6b64b592b5dc2bcbdd0862d167718a3282cb2bdcc552d3eea758 [stream]
[debug] [2022-05-16T21:35:33.786Z] <<< [apiv2][status] POST https://upload-firebasehosting.googleapis.com/upload/sites/doctors-portal-40e2a/versions/bc3859424bece013/files/931e37ac84f20434917c4dbd4fe1c36b37fd2660b656d535aa0ce9bfae633a8a 200
[debug] [2022-05-16T21:35:33.787Z] <<< [apiv2][body] POST https://upload-firebasehosting.googleapis.com/upload/sites/doctors-portal-40e2a/versions/bc3859424bece013/files/931e37ac84f20434917c4dbd4fe1c36b37fd2660b656d535aa0ce9bfae633a8a [stream]
[debug] [2022-05-16T21:35:33.868Z] <<< [apiv2][status] POST https://upload-firebasehosting.googleapis.com/upload/sites/doctors-portal-40e2a/versions/bc3859424bece013/files/b612eade861cff5c89df42505ca28ff4a698e1439a7703e8d4fefd69e3fdf672 200
[debug] [2022-05-16T21:35:33.868Z] <<< [apiv2][body] POST https://upload-firebasehosting.googleapis.com/upload/sites/doctors-portal-40e2a/versions/bc3859424bece013/files/b612eade861cff5c89df42505ca28ff4a698e1439a7703e8d4fefd69e3fdf672 [stream]
[debug] [2022-05-16T21:35:34.144Z] <<< [apiv2][status] POST https://upload-firebasehosting.googleapis.com/upload/sites/doctors-portal-40e2a/versions/bc3859424bece013/files/3721a668c78166ccd3b59a4b5de5715993b1d93cf60f92ec0c2ac6fba0cee200 200
[debug] [2022-05-16T21:35:34.144Z] <<< [apiv2][body] POST https://upload-firebasehosting.googleapis.com/upload/sites/doctors-portal-40e2a/versions/bc3859424bece013/files/3721a668c78166ccd3b59a4b5de5715993b1d93cf60f92ec0c2ac6fba0cee200 [stream]
[debug] [2022-05-16T21:35:34.376Z] <<< [apiv2][status] POST https://upload-firebasehosting.googleapis.com/upload/sites/doctors-portal-40e2a/versions/bc3859424bece013/files/a58b36458ee046e34b82a6dbe35816a2f7f744ff8654e9ef3b26b715cecd7347 200
[debug] [2022-05-16T21:35:34.376Z] <<< [apiv2][body] POST https://upload-firebasehosting.googleapis.com/upload/sites/doctors-portal-40e2a/versions/bc3859424bece013/files/a58b36458ee046e34b82a6dbe35816a2f7f744ff8654e9ef3b26b715cecd7347 [stream]
[debug] [2022-05-16T21:35:35.864Z] <<< [apiv2][status] POST https://upload-firebasehosting.googleapis.com/upload/sites/doctors-portal-40e2a/versions/bc3859424bece013/files/3f049762b651db5bf54da4c48abe86092382bf2d7b61a6c600fe9c1913f99d6e 200
[debug] [2022-05-16T21:35:35.864Z] <<< [apiv2][body] POST https://upload-firebasehosting.googleapis.com/upload/sites/doctors-portal-40e2a/versions/bc3859424bece013/files/3f049762b651db5bf54da4c48abe86092382bf2d7b61a6c600fe9c1913f99d6e [stream]
[debug] [2022-05-16T21:35:36.188Z] <<< [apiv2][status] POST https://upload-firebasehosting.googleapis.com/upload/sites/doctors-portal-40e2a/versions/bc3859424bece013/files/320ee1895b36934ba22d03330809021cd87219cbde13197f2072179568af06fd 200
[debug] [2022-05-16T21:35:36.188Z] <<< [apiv2][body] POST https://upload-firebasehosting.googleapis.com/upload/sites/doctors-portal-40e2a/versions/bc3859424bece013/files/320ee1895b36934ba22d03330809021cd87219cbde13197f2072179568af06fd [stream]
[debug] [2022-05-16T21:35:37.659Z] <<< [apiv2][status] POST https://upload-firebasehosting.googleapis.com/upload/sites/doctors-portal-40e2a/versions/bc3859424bece013/files/988eaf7855170a86758d4b3b4eae40c9943df7277c8a1bd1d3b7b7473ab794ae 200
[debug] [2022-05-16T21:35:37.659Z] <<< [apiv2][body] POST https://upload-firebasehosting.googleapis.com/upload/sites/doctors-portal-40e2a/versions/bc3859424bece013/files/988eaf7855170a86758d4b3b4eae40c9943df7277c8a1bd1d3b7b7473ab794ae [stream]
[debug] [2022-05-16T21:35:46.888Z] [uploadQueue] Retrying task 4fba14e0ab5d4702162721032c65dde1bdccc8188382385c7c084393d076e2ab
[debug] [2022-05-16T21:35:46.889Z] >>> [apiv2][query] POST https://upload-firebasehosting.googleapis.com/upload/sites/doctors-portal-40e2a/versions/bc3859424bece013/files/4fba14e0ab5d4702162721032c65dde1bdccc8188382385c7c084393d076e2ab [none]
[debug] [2022-05-16T21:35:46.889Z] >>> [apiv2][body] POST https://upload-firebasehosting.googleapis.com/upload/sites/doctors-portal-40e2a/versions/bc3859424bece013/files/4fba14e0ab5d4702162721032c65dde1bdccc8188382385c7c084393d076e2ab [stream]
[debug] [2022-05-16T21:35:49.757Z] <<< [apiv2][status] POST https://upload-firebasehosting.googleapis.com/upload/sites/doctors-portal-40e2a/versions/bc3859424bece013/files/4fba14e0ab5d4702162721032c65dde1bdccc8188382385c7c084393d076e2ab 200
[debug] [2022-05-16T21:35:49.758Z] <<< [apiv2][body] POST https://upload-firebasehosting.googleapis.com/upload/sites/doctors-portal-40e2a/versions/bc3859424bece013/files/4fba14e0ab5d4702162721032c65dde1bdccc8188382385c7c084393d076e2ab [stream]
[debug] [2022-05-16T21:35:57.750Z] [uploadQueue] Retrying task 4d0454ebc1973291989ffd1d603324713d20fdf3a8785d50af9a5e4b6e1bbe4f
[debug] [2022-05-16T21:35:57.751Z] >>> [apiv2][query] POST https://upload-firebasehosting.googleapis.com/upload/sites/doctors-portal-40e2a/versions/bc3859424bece013/files/4d0454ebc1973291989ffd1d603324713d20fdf3a8785d50af9a5e4b6e1bbe4f [none]
[debug] [2022-05-16T21:35:57.751Z] >>> [apiv2][body] POST https://upload-firebasehosting.googleapis.com/upload/sites/doctors-portal-40e2a/versions/bc3859424bece013/files/4d0454ebc1973291989ffd1d603324713d20fdf3a8785d50af9a5e4b6e1bbe4f [stream]
[debug] [2022-05-16T21:36:02.034Z] <<< [apiv2][status] POST https://upload-firebasehosting.googleapis.com/upload/sites/doctors-portal-40e2a/versions/bc3859424bece013/files/4d0454ebc1973291989ffd1d603324713d20fdf3a8785d50af9a5e4b6e1bbe4f 200
[debug] [2022-05-16T21:36:02.034Z] <<< [apiv2][body] POST https://upload-firebasehosting.googleapis.com/upload/sites/doctors-portal-40e2a/versions/bc3859424bece013/files/4d0454ebc1973291989ffd1d603324713d20fdf3a8785d50af9a5e4b6e1bbe4f [stream]
[debug] [2022-05-16T21:36:02.035Z] [hosting][upload queue][FINAL] {"max":10325,"min":2869,"avg":5586.64,"active":0,"complete":25,"success":25,"errored":0,"retried":2,"total":25,"elapsed":34703}
[info] +  hosting[doctors-portal-40e2a]: file upload complete 
[debug] [2022-05-16T21:36:02.035Z] [hosting] deploy completed after 37051ms
[debug] [2022-05-16T21:36:02.038Z] [
  {
    "config": {
      "public": "build",
      "ignore": [
        "firebase.json",
        "**/.*",
        "**/node_modules/**"
      ],
      "rewrites": [
        {
          "source": "**",
          "destination": "/index.html"
        }
      ],
      "site": "doctors-portal-40e2a"
    },
    "site": "doctors-portal-40e2a",
    "version": "projects/564027702853/sites/doctors-portal-40e2a/versions/bc3859424bece013"
  }
]
[info] i  hosting[doctors-portal-40e2a]: finalizing version... 
[debug] [2022-05-16T21:36:02.039Z] >>> [apiv2][query] PATCH https://firebasehosting.googleapis.com/v1beta1/projects/564027702853/sites/doctors-portal-40e2a/versions/bc3859424bece013 updateMask=status%2Cconfig
[debug] [2022-05-16T21:36:02.039Z] >>> [apiv2][body] PATCH https://firebasehosting.googleapis.com/v1beta1/projects/564027702853/sites/doctors-portal-40e2a/versions/bc3859424bece013 {"status":"FINALIZED","config":{"rewrites":[{"glob":"**","path":"/index.html"}]}}
[debug] [2022-05-16T21:36:06.983Z] <<< [apiv2][status] PATCH https://firebasehosting.googleapis.com/v1beta1/projects/564027702853/sites/doctors-portal-40e2a/versions/bc3859424bece013 200
[debug] [2022-05-16T21:36:06.983Z] <<< [apiv2][body] PATCH https://firebasehosting.googleapis.com/v1beta1/projects/564027702853/sites/doctors-portal-40e2a/versions/bc3859424bece013 {"name":"projects/564027702853/sites/doctors-portal-40e2a/versions/bc3859424bece013","status":"FINALIZED","config":{"rewrites":[{"glob":"**","path":"/index.html"}]},"labels":{"deployment-tool":"cli-firebase"},"createTime":"2022-05-16T21:35:24.221114Z","createUser":{"email":"Aarifurrahman93@gmail.com"},"finalizeTime":"2022-05-16T21:36:06.867925Z","finalizeUser":{"email":"Aarifurrahman93@gmail.com"}}
[debug] [2022-05-16T21:36:06.983Z] [hosting] finalized version for doctors-portal-40e2a:[object Object]
[info] +  hosting[doctors-portal-40e2a]: version finalized 
[info] i  hosting[doctors-portal-40e2a]: releasing new version... 
[debug] [2022-05-16T21:36:06.984Z] >>> [apiv2][query] POST https://firebasehosting.googleapis.com/v1beta1/projects/564027702853/sites/doctors-portal-40e2a/releases versionName=projects%2F564027702853%2Fsites%2Fdoctors-portal-40e2a%2Fversions%2Fbc3859424bece013
[debug] [2022-05-16T21:36:06.984Z] >>> [apiv2][body] POST https://firebasehosting.googleapis.com/v1beta1/projects/564027702853/sites/doctors-portal-40e2a/releases {"message":null}
[debug] [2022-05-16T21:36:08.960Z] <<< [apiv2][status] POST https://firebasehosting.googleapis.com/v1beta1/projects/564027702853/sites/doctors-portal-40e2a/releases 200
[debug] [2022-05-16T21:36:08.960Z] <<< [apiv2][body] POST https://firebasehosting.googleapis.com/v1beta1/projects/564027702853/sites/doctors-portal-40e2a/releases {"name":"projects/564027702853/sites/doctors-portal-40e2a/releases/1652736968246509","version":{"name":"projects/564027702853/sites/doctors-portal-40e2a/versions/bc3859424bece013","status":"FINALIZED","config":{"rewrites":[{"glob":"**","path":"/index.html"}]},"labels":{"deployment-tool":"cli-firebase"},"createTime":"2022-05-16T21:35:24.221114Z","createUser":{"email":"Aarifurrahman93@gmail.com","imageUrl":"https://lh3.googleusercontent.com/a-/AOh14GhTs_7f2GgYjSi2o3PXVoQjomlPbcphYuLLAc50iA"},"finalizeTime":"2022-05-16T21:36:06.867925Z","finalizeUser":{"email":"Aarifurrahman93@gmail.com","imageUrl":"https://lh3.googleusercontent.com/a-/AOh14GhTs_7f2GgYjSi2o3PXVoQjomlPbcphYuLLAc50iA"}},"type":"DEPLOY","releaseTime":"2022-05-16T21:36:08.246509929Z","releaseUser":{"email":"Aarifurrahman93@gmail.com","imageUrl":"https://lh3.googleusercontent.com/a-/AOh14GhTs_7f2GgYjSi2o3PXVoQjomlPbcphYuLLAc50iA"}}
[debug] [2022-05-16T21:36:08.960Z] [hosting] release: {"name":"projects/564027702853/sites/doctors-portal-40e2a/releases/1652736968246509","version":{"name":"projects/564027702853/sites/doctors-portal-40e2a/versions/bc3859424bece013","status":"FINALIZED","config":{"rewrites":[{"glob":"**","path":"/index.html"}]},"labels":{"deployment-tool":"cli-firebase"},"createTime":"2022-05-16T21:35:24.221114Z","createUser":{"email":"Aarifurrahman93@gmail.com","imageUrl":"https://lh3.googleusercontent.com/a-/AOh14GhTs_7f2GgYjSi2o3PXVoQjomlPbcphYuLLAc50iA"},"finalizeTime":"2022-05-16T21:36:06.867925Z","finalizeUser":{"email":"Aarifurrahman93@gmail.com","imageUrl":"https://lh3.googleusercontent.com/a-/AOh14GhTs_7f2GgYjSi2o3PXVoQjomlPbcphYuLLAc50iA"}},"type":"DEPLOY","releaseTime":"2022-05-16T21:36:08.246509929Z","releaseUser":{"email":"Aarifurrahman93@gmail.com","imageUrl":"https://lh3.googleusercontent.com/a-/AOh14GhTs_7f2GgYjSi2o3PXVoQjomlPbcphYuLLAc50iA"}}
[info] +  hosting[doctors-portal-40e2a]: release complete 
[info] 
[info] +  Deploy complete! 
[info] 
[info] Project Console: https://console.firebase.google.com/project/doctors-portal-40e2a/overview
[info] Hosting URL: https://doctors-portal-40e2a.web.app
